Determining if the pthread_create exist failed with the following output:
Change Dir: /home/kunal15595/ros/moveit/build/CMakeFiles/CMakeTmp

Run Build Command:/usr/bin/make "cmTryCompileExec824159115/fast"
/usr/bin/make -f CMakeFiles/cmTryCompileExec824159115.dir/build.make CMakeFiles/cmTryCompileExec824159115.dir/build
make[1]: Entering directory `/home/kunal15595/ros/moveit/build/CMakeFiles/CMakeTmp'
/usr/bin/cmake -E cmake_progress_report /home/kunal15595/ros/moveit/build/CMakeFiles/CMakeTmp/CMakeFiles 1
Building C object CMakeFiles/cmTryCompileExec824159115.dir/CheckSymbolExists.c.o
/usr/bin/cc    -o CMakeFiles/cmTryCompileExec824159115.dir/CheckSymbolExists.c.o   -c /home/kunal15595/ros/moveit/build/CMakeFiles/CMakeTmp/CheckSymbolExists.c
Linking C executable cmTryCompileExec824159115
/usr/bin/cmake -E cmake_link_script CMakeFiles/cmTryCompileExec824159115.dir/link.txt --verbose=1
/usr/bin/cc       CMakeFiles/cmTryCompileExec824159115.dir/CheckSymbolExists.c.o  -o cmTryCompileExec824159115 -rdynamic 
CMakeFiles/cmTryCompileExec824159115.dir/CheckSymbolExists.c.o: In function `main':
CheckSymbolExists.c:(.text+0x16): undefined reference to `pthread_create'
collect2: error: ld returned 1 exit status
make[1]: Leaving directory `/home/kunal15595/ros/moveit/build/CMakeFiles/CMakeTmp'
make[1]: *** [cmTryCompileExec824159115] Error 1
make: *** [cmTryCompileExec824159115/fast] Error 2

File /home/kunal15595/ros/moveit/build/CMakeFiles/CMakeTmp/CheckSymbolExists.c:
/* */
#include <pthread.h>

int main(int argc, char** argv)
{
  (void)argv;
#ifndef pthread_create
  return ((int*)(&pthread_create))[argc];
#else
  (void)argc;
  return 0;
#endif
}

Determining if the function pthread_create exists in the pthreads failed with the following output:
Change Dir: /home/kunal15595/ros/moveit/build/CMakeFiles/CMakeTmp

Run Build Command:/usr/bin/make "cmTryCompileExec3342562386/fast"
/usr/bin/make -f CMakeFiles/cmTryCompileExec3342562386.dir/build.make CMakeFiles/cmTryCompileExec3342562386.dir/build
make[1]: Entering directory `/home/kunal15595/ros/moveit/build/CMakeFiles/CMakeTmp'
/usr/bin/cmake -E cmake_progress_report /home/kunal15595/ros/moveit/build/CMakeFiles/CMakeTmp/CMakeFiles 1
Building C object CMakeFiles/cmTryCompileExec3342562386.dir/CheckFunctionExists.c.o
/usr/bin/cc   -DCHECK_FUNCTION_EXISTS=pthread_create   -o CMakeFiles/cmTryCompileExec3342562386.dir/CheckFunctionExists.c.o   -c /usr/share/cmake-2.8/Modules/CheckFunctionExists.c
Linking C executable cmTryCompileExec3342562386
/usr/bin/cmake -E cmake_link_script CMakeFiles/cmTryCompileExec3342562386.dir/link.txt --verbose=1
/usr/bin/cc   -DCHECK_FUNCTION_EXISTS=pthread_create    CMakeFiles/cmTryCompileExec3342562386.dir/CheckFunctionExists.c.o  -o cmTryCompileExec3342562386 -rdynamic -lpthreads 
/usr/bin/ld: cannot find -lpthreads
collect2: error: ld returned 1 exit status
make[1]: Leaving directory `/home/kunal15595/ros/moveit/build/CMakeFiles/CMakeTmp'
make[1]: *** [cmTryCompileExec3342562386] Error 1
make: *** [cmTryCompileExec3342562386/fast] Error 2


Determining if the Q_WS_WIN exist failed with the following output:
Change Dir: /home/kunal15595/ros/moveit/build/CMakeFiles/CMakeTmp

Run Build Command:/usr/bin/make "cmTryCompileExec4233293541/fast"
/usr/bin/make -f CMakeFiles/cmTryCompileExec4233293541.dir/build.make CMakeFiles/cmTryCompileExec4233293541.dir/build
make[1]: Entering directory `/home/kunal15595/ros/moveit/build/CMakeFiles/CMakeTmp'
/usr/bin/cmake -E cmake_progress_report /home/kunal15595/ros/moveit/build/CMakeFiles/CMakeTmp/CMakeFiles 1
Building CXX object CMakeFiles/cmTryCompileExec4233293541.dir/CheckSymbolExists.cxx.o
/usr/bin/c++    -I/usr/include/qt4    -o CMakeFiles/cmTryCompileExec4233293541.dir/CheckSymbolExists.cxx.o -c /home/kunal15595/ros/moveit/build/CMakeFiles/CMakeTmp/CheckSymbolExists.cxx
/home/kunal15595/ros/moveit/build/CMakeFiles/CMakeTmp/CheckSymbolExists.cxx: In function ‘int main(int, char**)’:
/home/kunal15595/ros/moveit/build/CMakeFiles/CMakeTmp/CheckSymbolExists.cxx:8:19: error: ‘Q_WS_WIN’ was not declared in this scope
   return ((int*)(&Q_WS_WIN))[argc];
                   ^
make[1]: Leaving directory `/home/kunal15595/ros/moveit/build/CMakeFiles/CMakeTmp'
make[1]: *** [CMakeFiles/cmTryCompileExec4233293541.dir/CheckSymbolExists.cxx.o] Error 1
make: *** [cmTryCompileExec4233293541/fast] Error 2

File /home/kunal15595/ros/moveit/build/CMakeFiles/CMakeTmp/CheckSymbolExists.cxx:
/* */
#include <QtCore/qglobal.h>

int main(int argc, char** argv)
{
  (void)argv;
#ifndef Q_WS_WIN
  return ((int*)(&Q_WS_WIN))[argc];
#else
  (void)argc;
  return 0;
#endif
}

Determining if the Q_WS_QWS exist failed with the following output:
Change Dir: /home/kunal15595/ros/moveit/build/CMakeFiles/CMakeTmp

Run Build Command:/usr/bin/make "cmTryCompileExec2914830512/fast"
/usr/bin/make -f CMakeFiles/cmTryCompileExec2914830512.dir/build.make CMakeFiles/cmTryCompileExec2914830512.dir/build
make[1]: Entering directory `/home/kunal15595/ros/moveit/build/CMakeFiles/CMakeTmp'
/usr/bin/cmake -E cmake_progress_report /home/kunal15595/ros/moveit/build/CMakeFiles/CMakeTmp/CMakeFiles 1
Building CXX object CMakeFiles/cmTryCompileExec2914830512.dir/CheckSymbolExists.cxx.o
/usr/bin/c++    -I/usr/include/qt4    -o CMakeFiles/cmTryCompileExec2914830512.dir/CheckSymbolExists.cxx.o -c /home/kunal15595/ros/moveit/build/CMakeFiles/CMakeTmp/CheckSymbolExists.cxx
/home/kunal15595/ros/moveit/build/CMakeFiles/CMakeTmp/CheckSymbolExists.cxx: In function ‘int main(int, char**)’:
/home/kunal15595/ros/moveit/build/CMakeFiles/CMakeTmp/CheckSymbolExists.cxx:8:19: error: ‘Q_WS_QWS’ was not declared in this scope
   return ((int*)(&Q_WS_QWS))[argc];
                   ^
make[1]: Leaving directory `/home/kunal15595/ros/moveit/build/CMakeFiles/CMakeTmp'
make[1]: *** [CMakeFiles/cmTryCompileExec2914830512.dir/CheckSymbolExists.cxx.o] Error 1
make: *** [cmTryCompileExec2914830512/fast] Error 2

File /home/kunal15595/ros/moveit/build/CMakeFiles/CMakeTmp/CheckSymbolExists.cxx:
/* */
#include <QtCore/qglobal.h>

int main(int argc, char** argv)
{
  (void)argv;
#ifndef Q_WS_QWS
  return ((int*)(&Q_WS_QWS))[argc];
#else
  (void)argc;
  return 0;
#endif
}

Determining if the Q_WS_MAC exist failed with the following output:
Change Dir: /home/kunal15595/ros/moveit/build/CMakeFiles/CMakeTmp

Run Build Command:/usr/bin/make "cmTryCompileExec3361449803/fast"
/usr/bin/make -f CMakeFiles/cmTryCompileExec3361449803.dir/build.make CMakeFiles/cmTryCompileExec3361449803.dir/build
make[1]: Entering directory `/home/kunal15595/ros/moveit/build/CMakeFiles/CMakeTmp'
/usr/bin/cmake -E cmake_progress_report /home/kunal15595/ros/moveit/build/CMakeFiles/CMakeTmp/CMakeFiles 1
Building CXX object CMakeFiles/cmTryCompileExec3361449803.dir/CheckSymbolExists.cxx.o
/usr/bin/c++    -I/usr/include/qt4    -o CMakeFiles/cmTryCompileExec3361449803.dir/CheckSymbolExists.cxx.o -c /home/kunal15595/ros/moveit/build/CMakeFiles/CMakeTmp/CheckSymbolExists.cxx
/home/kunal15595/ros/moveit/build/CMakeFiles/CMakeTmp/CheckSymbolExists.cxx: In function ‘int main(int, char**)’:
/home/kunal15595/ros/moveit/build/CMakeFiles/CMakeTmp/CheckSymbolExists.cxx:8:19: error: ‘Q_WS_MAC’ was not declared in this scope
   return ((int*)(&Q_WS_MAC))[argc];
                   ^
make[1]: *** [CMakeFiles/cmTryCompileExec3361449803.dir/CheckSymbolExists.cxx.o] Error 1
make[1]: Leaving directory `/home/kunal15595/ros/moveit/build/CMakeFiles/CMakeTmp'
make: *** [cmTryCompileExec3361449803/fast] Error 2

File /home/kunal15595/ros/moveit/build/CMakeFiles/CMakeTmp/CheckSymbolExists.cxx:
/* */
#include <QtCore/qglobal.h>

int main(int argc, char** argv)
{
  (void)argv;
#ifndef Q_WS_MAC
  return ((int*)(&Q_WS_MAC))[argc];
#else
  (void)argc;
  return 0;
#endif
}

